[debug] [2025-01-03T02:20:39.789Z] ----------------------------------------------------------------------
[debug] [2025-01-03T02:20:39.805Z] Command:       C:\Program Files\nodejs\node.exe C:\Users\Admin 88\AppData\Roaming\npm\node_modules\firebase-tools\lib\bin\firebase.js init
[debug] [2025-01-03T02:20:39.807Z] CLI Version:   13.29.1
[debug] [2025-01-03T02:20:39.809Z] Platform:      win32
[debug] [2025-01-03T02:20:39.809Z] Node Version:  v20.12.2
[debug] [2025-01-03T02:20:39.810Z] Time:          Fri Jan 03 2025 09:20:39 GMT+0700 (Indochina Time)
[debug] [2025-01-03T02:20:39.811Z] ----------------------------------------------------------------------
[debug] 
[debug] [2025-01-03T02:20:39.844Z] > command requires scopes: ["email","openid","https://www.googleapis.com/auth/cloudplatformprojects.readonly","https://www.googleapis.com/auth/firebase","https://www.googleapis.com/auth/cloud-platform"]
[debug] [2025-01-03T02:20:39.846Z] > authorizing via signed-in user (phamtienchinh4@gmail.com)
[info] 
     ######## #### ########  ######## ########     ###     ######  ########
     ##        ##  ##     ## ##       ##     ##  ##   ##  ##       ##
     ######    ##  ########  ######   ########  #########  ######  ######
     ##        ##  ##    ##  ##       ##     ## ##     ##       ## ##
     ##       #### ##     ## ######## ########  ##     ##  ######  ########

You're about to initialize a Firebase project in this directory:

  D:\nextJS\app-chat-clone

[info] 
=== Project Setup
[info] 
[info] First, let's associate this project directory with a Firebase project.
[info] You can create multiple project aliases by running firebase use --add, 
[info] but for now we'll just set up a default project.
[info] 
[debug] [2025-01-03T02:23:22.880Z] Checked if tokens are valid: true, expires at: 1735873394407
[debug] [2025-01-03T02:23:22.881Z] Checked if tokens are valid: true, expires at: 1735873394407
[debug] [2025-01-03T02:23:22.891Z] >>> [apiv2][query] GET https://firebase.googleapis.com/v1beta1/projects pageSize=100
[debug] [2025-01-03T02:23:23.930Z] <<< [apiv2][status] GET https://firebase.googleapis.com/v1beta1/projects 200
[debug] [2025-01-03T02:23:23.930Z] <<< [apiv2][body] GET https://firebase.googleapis.com/v1beta1/projects [omitted]
[info] i  Using project chat-app-6653f (chat-app) 
[info] 
=== Apphosting Setup
[debug] [2025-01-03T02:23:25.991Z] Checked if tokens are valid: true, expires at: 1735873394407
[debug] [2025-01-03T02:23:25.992Z] Checked if tokens are valid: true, expires at: 1735873394407
[debug] [2025-01-03T02:23:25.993Z] >>> [apiv2][query] GET https://cloudbilling.googleapis.com/v1/projects/chat-app-6653f/billingInfo [none]
[debug] [2025-01-03T02:23:26.704Z] <<< [apiv2][status] GET https://cloudbilling.googleapis.com/v1/projects/chat-app-6653f/billingInfo 200
[debug] [2025-01-03T02:23:26.705Z] <<< [apiv2][body] GET https://cloudbilling.googleapis.com/v1/projects/chat-app-6653f/billingInfo {"name":"projects/chat-app-6653f/billingInfo","projectId":"chat-app-6653f","billingAccountName":"","billingEnabled":false}
[info] i  Writing default settings to apphosting.yaml... 
[info] +  Wrote apphosting.yaml 
[info] +  Create a new App Hosting backend with `firebase apphosting:backends:create` 
[info] 
=== Database Setup
[info] i  database: ensuring required API firebasedatabase.googleapis.com is enabled... 
[debug] [2025-01-03T02:23:26.741Z] Checked if tokens are valid: true, expires at: 1735873394407
[debug] [2025-01-03T02:23:26.742Z] Checked if tokens are valid: true, expires at: 1735873394407
[debug] [2025-01-03T02:23:26.742Z] >>> [apiv2][query] GET https://serviceusage.googleapis.com/v1/projects/chat-app-6653f/services/firebasedatabase.googleapis.com [none]
[debug] [2025-01-03T02:23:26.743Z] >>> [apiv2][(partial)header] GET https://serviceusage.googleapis.com/v1/projects/chat-app-6653f/services/firebasedatabase.googleapis.com x-goog-quota-user=projects/chat-app-6653f
[debug] [2025-01-03T02:23:28.423Z] <<< [apiv2][status] GET https://serviceusage.googleapis.com/v1/projects/chat-app-6653f/services/firebasedatabase.googleapis.com 200
[debug] [2025-01-03T02:23:28.423Z] <<< [apiv2][body] GET https://serviceusage.googleapis.com/v1/projects/chat-app-6653f/services/firebasedatabase.googleapis.com [omitted]
[info] +  database: required API firebasedatabase.googleapis.com is enabled 
[info] 
[debug] [2025-01-03T02:23:28.430Z] Checked if tokens are valid: true, expires at: 1735873394407
[debug] [2025-01-03T02:23:28.431Z] Checked if tokens are valid: true, expires at: 1735873394407
[debug] [2025-01-03T02:23:28.432Z] >>> [apiv2][query] GET https://firebasedatabase.googleapis.com/v1beta/projects/chat-app-6653f/locations/-/instances/chat-app-6653f-default-rtdb [none]
[debug] [2025-01-03T02:23:38.447Z] *** [apiv2] error from fetch(https://firebasedatabase.googleapis.com/v1beta/projects/chat-app-6653f/locations/-/instances/chat-app-6653f-default-rtdb, {"headers":{},"method":"GET","signal":{}}): AbortError: The user aborted a request.
[debug] [2025-01-03T02:23:38.448Z] Timeout reached making request to https://firebasedatabase.googleapis.com/v1beta/projects/chat-app-6653f/locations/-/instances/chat-app-6653f-default-rtdb
[debug] [2025-01-03T02:23:38.581Z] FirebaseError: Timeout reached making request to https://firebasedatabase.googleapis.com/v1beta/projects/chat-app-6653f/locations/-/instances/chat-app-6653f-default-rtdb
    at RetryOperation._fn (C:\Users\Admin 88\AppData\Roaming\npm\node_modules\firebase-tools\lib\apiv2.js:257:35)
    at process.processTicksAndRejections (node:internal/process/task_queues:95:5)
[error] 
[error] Error: Failed to get instance details for instance: chat-app-6653f-default-rtdb. See firebase-debug.log for more details.
